running egg_info
writing ../../build/pontaz/pontaz.egg-info/PKG-INFO
writing dependency_links to ../../build/pontaz/pontaz.egg-info/dependency_links.txt
writing entry points to ../../build/pontaz/pontaz.egg-info/entry_points.txt
writing requirements to ../../build/pontaz/pontaz.egg-info/requires.txt
writing top-level names to ../../build/pontaz/pontaz.egg-info/top_level.txt
reading manifest file '../../build/pontaz/pontaz.egg-info/SOURCES.txt'
writing manifest file '../../build/pontaz/pontaz.egg-info/SOURCES.txt'
running build
running build_py
running install
running install_lib
running install_data
copying package.xml -> /home/tom/air_ws/install/pontaz/share/pontaz
running install_egg_info
removing '/home/tom/air_ws/install/pontaz/lib/python3.8/site-packages/pontaz-0.0.0-py3.8.egg-info' (and everything under it)
Copying ../../build/pontaz/pontaz.egg-info to /home/tom/air_ws/install/pontaz/lib/python3.8/site-packages/pontaz-0.0.0-py3.8.egg-info
running install_scripts
Installing pid script to /home/tom/air_ws/install/pontaz/lib/pontaz
Installing robot script to /home/tom/air_ws/install/pontaz/lib/pontaz
writing list of installed files to '/home/tom/air_ws/build/pontaz/install.log'
