/home/tom/.local/lib/python3.8/site-packages/setuptools/dist.py:717: UserWarning: Usage of dash-separated 'script-dir' will not be supported in future versions. Please use the underscore name 'script_dir' instead
  warnings.warn(
/home/tom/.local/lib/python3.8/site-packages/setuptools/dist.py:717: UserWarning: Usage of dash-separated 'install-scripts' will not be supported in future versions. Please use the underscore name 'install_scripts' instead
  warnings.warn(
running egg_info
creating ../../build/pontaz/pontaz.egg-info
writing ../../build/pontaz/pontaz.egg-info/PKG-INFO
writing dependency_links to ../../build/pontaz/pontaz.egg-info/dependency_links.txt
writing entry points to ../../build/pontaz/pontaz.egg-info/entry_points.txt
writing requirements to ../../build/pontaz/pontaz.egg-info/requires.txt
writing top-level names to ../../build/pontaz/pontaz.egg-info/top_level.txt
writing manifest file '../../build/pontaz/pontaz.egg-info/SOURCES.txt'
reading manifest file '../../build/pontaz/pontaz.egg-info/SOURCES.txt'
writing manifest file '../../build/pontaz/pontaz.egg-info/SOURCES.txt'
running build
running build_py
creating /home/tom/air_ws/build/pontaz/build
creating /home/tom/air_ws/build/pontaz/build/lib
creating /home/tom/air_ws/build/pontaz/build/lib/pontaz
copying pontaz/robot.py -> /home/tom/air_ws/build/pontaz/build/lib/pontaz
copying pontaz/pid.py -> /home/tom/air_ws/build/pontaz/build/lib/pontaz
copying pontaz/__init__.py -> /home/tom/air_ws/build/pontaz/build/lib/pontaz
running install
running install_lib
creating /home/tom/air_ws/install/pontaz/lib/python3.8/site-packages/pontaz
copying /home/tom/air_ws/build/pontaz/build/lib/pontaz/robot.py -> /home/tom/air_ws/install/pontaz/lib/python3.8/site-packages/pontaz
copying /home/tom/air_ws/build/pontaz/build/lib/pontaz/pid.py -> /home/tom/air_ws/install/pontaz/lib/python3.8/site-packages/pontaz
copying /home/tom/air_ws/build/pontaz/build/lib/pontaz/__init__.py -> /home/tom/air_ws/install/pontaz/lib/python3.8/site-packages/pontaz
byte-compiling /home/tom/air_ws/install/pontaz/lib/python3.8/site-packages/pontaz/robot.py to robot.cpython-38.pyc
byte-compiling /home/tom/air_ws/install/pontaz/lib/python3.8/site-packages/pontaz/pid.py to pid.cpython-38.pyc
byte-compiling /home/tom/air_ws/install/pontaz/lib/python3.8/site-packages/pontaz/__init__.py to __init__.cpython-38.pyc
running install_data
creating /home/tom/air_ws/install/pontaz/share/ament_index
creating /home/tom/air_ws/install/pontaz/share/ament_index/resource_index
creating /home/tom/air_ws/install/pontaz/share/ament_index/resource_index/packages
copying resource/pontaz -> /home/tom/air_ws/install/pontaz/share/ament_index/resource_index/packages
copying package.xml -> /home/tom/air_ws/install/pontaz/share/pontaz
running install_egg_info
Copying ../../build/pontaz/pontaz.egg-info to /home/tom/air_ws/install/pontaz/lib/python3.8/site-packages/pontaz-0.0.0-py3.8.egg-info
running install_scripts
Installing listener script to /home/tom/air_ws/install/pontaz/lib/pontaz
Installing robot script to /home/tom/air_ws/install/pontaz/lib/pontaz
writing list of installed files to '/home/tom/air_ws/build/pontaz/install.log'
