[0.328s] Invoking command in '/home/tom/air_ws/src/pontaz': PYTHONPATH=/home/tom/air_ws/install/pontaz/lib/python3.8/site-packages:${PYTHONPATH} /usr/bin/python3 setup.py egg_info --egg-base ../../build/pontaz build --build-base /home/tom/air_ws/build/pontaz/build install --prefix /home/tom/air_ws/install/pontaz --record /home/tom/air_ws/build/pontaz/install.log --single-version-externally-managed
[0.588s] /home/tom/.local/lib/python3.8/site-packages/setuptools/dist.py:717: UserWarning: Usage of dash-separated 'script-dir' will not be supported in future versions. Please use the underscore name 'script_dir' instead
[0.588s]   warnings.warn(
[0.588s] /home/tom/.local/lib/python3.8/site-packages/setuptools/dist.py:717: UserWarning: Usage of dash-separated 'install-scripts' will not be supported in future versions. Please use the underscore name 'install_scripts' instead
[0.588s]   warnings.warn(
[0.616s] running egg_info
[0.616s] creating ../../build/pontaz/pontaz.egg-info
[0.616s] writing ../../build/pontaz/pontaz.egg-info/PKG-INFO
[0.617s] writing dependency_links to ../../build/pontaz/pontaz.egg-info/dependency_links.txt
[0.617s] writing entry points to ../../build/pontaz/pontaz.egg-info/entry_points.txt
[0.617s] writing requirements to ../../build/pontaz/pontaz.egg-info/requires.txt
[0.617s] writing top-level names to ../../build/pontaz/pontaz.egg-info/top_level.txt
[0.619s] writing manifest file '../../build/pontaz/pontaz.egg-info/SOURCES.txt'
[0.621s] reading manifest file '../../build/pontaz/pontaz.egg-info/SOURCES.txt'
[0.622s] writing manifest file '../../build/pontaz/pontaz.egg-info/SOURCES.txt'
[0.622s] running build
[0.622s] running build_py
[0.622s] creating /home/tom/air_ws/build/pontaz/build
[0.622s] creating /home/tom/air_ws/build/pontaz/build/lib
[0.622s] creating /home/tom/air_ws/build/pontaz/build/lib/pontaz
[0.623s] copying pontaz/robot.py -> /home/tom/air_ws/build/pontaz/build/lib/pontaz
[0.623s] copying pontaz/pid.py -> /home/tom/air_ws/build/pontaz/build/lib/pontaz
[0.623s] copying pontaz/__init__.py -> /home/tom/air_ws/build/pontaz/build/lib/pontaz
[0.623s] running install
[0.623s] running install_lib
[0.624s] creating /home/tom/air_ws/install/pontaz/lib/python3.8/site-packages/pontaz
[0.624s] copying /home/tom/air_ws/build/pontaz/build/lib/pontaz/robot.py -> /home/tom/air_ws/install/pontaz/lib/python3.8/site-packages/pontaz
[0.624s] copying /home/tom/air_ws/build/pontaz/build/lib/pontaz/pid.py -> /home/tom/air_ws/install/pontaz/lib/python3.8/site-packages/pontaz
[0.625s] copying /home/tom/air_ws/build/pontaz/build/lib/pontaz/__init__.py -> /home/tom/air_ws/install/pontaz/lib/python3.8/site-packages/pontaz
[0.625s] byte-compiling /home/tom/air_ws/install/pontaz/lib/python3.8/site-packages/pontaz/robot.py to robot.cpython-38.pyc
[0.626s] byte-compiling /home/tom/air_ws/install/pontaz/lib/python3.8/site-packages/pontaz/pid.py to pid.cpython-38.pyc
[0.628s] byte-compiling /home/tom/air_ws/install/pontaz/lib/python3.8/site-packages/pontaz/__init__.py to __init__.cpython-38.pyc
[0.628s] running install_data
[0.629s] creating /home/tom/air_ws/install/pontaz/share/ament_index
[0.629s] creating /home/tom/air_ws/install/pontaz/share/ament_index/resource_index
[0.629s] creating /home/tom/air_ws/install/pontaz/share/ament_index/resource_index/packages
[0.629s] copying resource/pontaz -> /home/tom/air_ws/install/pontaz/share/ament_index/resource_index/packages
[0.629s] copying package.xml -> /home/tom/air_ws/install/pontaz/share/pontaz
[0.629s] running install_egg_info
[0.631s] Copying ../../build/pontaz/pontaz.egg-info to /home/tom/air_ws/install/pontaz/lib/python3.8/site-packages/pontaz-0.0.0-py3.8.egg-info
[0.631s] running install_scripts
[0.649s] Installing listener script to /home/tom/air_ws/install/pontaz/lib/pontaz
[0.649s] Installing robot script to /home/tom/air_ws/install/pontaz/lib/pontaz
[0.650s] writing list of installed files to '/home/tom/air_ws/build/pontaz/install.log'
[0.670s] Invoked command in '/home/tom/air_ws/src/pontaz' returned '0': PYTHONPATH=/home/tom/air_ws/install/pontaz/lib/python3.8/site-packages:${PYTHONPATH} /usr/bin/python3 setup.py egg_info --egg-base ../../build/pontaz build --build-base /home/tom/air_ws/build/pontaz/build install --prefix /home/tom/air_ws/install/pontaz --record /home/tom/air_ws/build/pontaz/install.log --single-version-externally-managed
