[0.323s] Invoking command in '/home/tom/air_ws/src/pontaz': PYTHONPATH=/home/tom/air_ws/install/pontaz/lib/python3.8/site-packages:${PYTHONPATH} /usr/bin/python3 setup.py egg_info --egg-base ../../build/pontaz build --build-base /home/tom/air_ws/build/pontaz/build install --prefix /home/tom/air_ws/install/pontaz --record /home/tom/air_ws/build/pontaz/install.log --single-version-externally-managed
[0.582s] /home/tom/.local/lib/python3.8/site-packages/setuptools/dist.py:717: UserWarning: Usage of dash-separated 'script-dir' will not be supported in future versions. Please use the underscore name 'script_dir' instead
[0.583s]   warnings.warn(
[0.583s] /home/tom/.local/lib/python3.8/site-packages/setuptools/dist.py:717: UserWarning: Usage of dash-separated 'install-scripts' will not be supported in future versions. Please use the underscore name 'install_scripts' instead
[0.583s]   warnings.warn(
[0.609s] running egg_info
[0.610s] writing ../../build/pontaz/pontaz.egg-info/PKG-INFO
[0.610s] writing dependency_links to ../../build/pontaz/pontaz.egg-info/dependency_links.txt
[0.610s] writing entry points to ../../build/pontaz/pontaz.egg-info/entry_points.txt
[0.610s] writing requirements to ../../build/pontaz/pontaz.egg-info/requires.txt
[0.611s] writing top-level names to ../../build/pontaz/pontaz.egg-info/top_level.txt
[0.614s] reading manifest file '../../build/pontaz/pontaz.egg-info/SOURCES.txt'
[0.615s] writing manifest file '../../build/pontaz/pontaz.egg-info/SOURCES.txt'
[0.615s] running build
[0.615s] running build_py
[0.615s] running install
[0.616s] running install_lib
[0.617s] running install_data
[0.618s] running install_egg_info
[0.619s] removing '/home/tom/air_ws/install/pontaz/lib/python3.8/site-packages/pontaz-0.0.0-py3.8.egg-info' (and everything under it)
[0.620s] Copying ../../build/pontaz/pontaz.egg-info to /home/tom/air_ws/install/pontaz/lib/python3.8/site-packages/pontaz-0.0.0-py3.8.egg-info
[0.621s] running install_scripts
[0.638s] Installing pid script to /home/tom/air_ws/install/pontaz/lib/pontaz
[0.639s] Installing robot script to /home/tom/air_ws/install/pontaz/lib/pontaz
[0.639s] writing list of installed files to '/home/tom/air_ws/build/pontaz/install.log'
[0.659s] Invoked command in '/home/tom/air_ws/src/pontaz' returned '0': PYTHONPATH=/home/tom/air_ws/install/pontaz/lib/python3.8/site-packages:${PYTHONPATH} /usr/bin/python3 setup.py egg_info --egg-base ../../build/pontaz build --build-base /home/tom/air_ws/build/pontaz/build install --prefix /home/tom/air_ws/install/pontaz --record /home/tom/air_ws/build/pontaz/install.log --single-version-externally-managed
